<?xml version="1.0" encoding="UTF-8"?>
<!-- Generated by org.testng.reporters.JUnitReportReporter -->
<testsuite hostname="VTIPL-C-PC695-L" failures="0" tests="1" name="scripts.test0" time="0.015" errors="0" timestamp="2023-01-06T09:28:17 IST" skipped="0">
  <testcase classname="scripts.test0" name="demo" time="0.015"/>
  <system-out>
    <![CDATA[Java_selenium]]>
  </system-out>
</testsuite> <!-- scripts.test0 -->
